(---------------------------------------------------------------------)
(                                                                     )
(    QUICKPLACE LOG                                                   )
(                                                                     )
(    Drawing          : EX2.brd                                       )
(    Software Version : 17.2P028                                      )
(    Date/Time        : Wed Jul 31 10:38:13 2019                      )
(                                                                     )
(---------------------------------------------------------------------)


State: Placing on layer TOP

         Placed symbol:  U4 / LF356_1_DIP8_3_LF356 / DIP8_3 at (3.473 77.093)
         Placed symbol:  U3 / LF356_1_DIP8_3_LF356 / DIP8_3 at (13.836 77.093)
         Placed symbol:  U2 / LF356_1_DIP8_3_LF356 / DIP8_3 at (24.199 77.093)
         Placed symbol:  U1 / LF356_1_DIP8_3_LF356 / DIP8_3 at (34.562 77.093)
         Placed symbol:  VR2 / POT_RESADJ_100K / RESADJ at (47.465 74.401)
         Placed symbol:  VR1 / POT_RESADJ_470K / RESADJ at (52.748 74.401)
         Placed symbol:  VR3 / POT_RESADJ_10K / RESADJ at (58.031 74.401)
         Placed symbol:  R10 / R_RES400_8.2K / RES400 at (61.358 69.384)
         Placed symbol:  R12 / R_RES400_2.2K / RES400 at (64.685 69.384)
         Placed symbol:  R13 / R_RES400_5.1K / RES400 at (68.012 69.384)
         Placed symbol:  R2 / R_RES400_15K / RES400 at (71.339 69.384)
         Placed symbol:  R1 / R_RES400_10K / RES400 at (74.666 69.384)
         Placed symbol:  R3 / R_RES400_10K / RES400 at (77.993 69.384)
         Placed symbol:  R6 / R_RES400_4.7K / RES400 at (81.320 69.384)
         Placed symbol:  R7 / R_RES400_4.7K / RES400 at (84.647 69.384)
         Placed symbol:  R8 / R_RES400_4.7K / RES400 at (87.974 69.384)
         Placed symbol:  R9 / R_RES400_1K / RES400 at (91.301 69.384)
         Placed symbol:  C4 / CAP NP_CAPCK05_0.001UF / CAPCK05 at (94.044 69.473)
         Placed symbol:  C3 / CAP NP_CAPCK05_0.001UF / CAPCK05 at (3.473 82.198)
         Placed symbol:  C2 / CAP NP_CAPCK05_0.001UF / CAPCK05 at (6.216 82.198)
         Placed symbol:  R4 / R_RES400_20K / RES400 at (9.543 82.109)
         Placed symbol:  R11 / R_RES400_10K / RES400 at (12.870 82.109)
         Placed symbol:  R5 / R_RES400_4.7K / RES400 at (16.197 82.109)
         Placed symbol:  C1 / CAP NP_CAPCK05_0.001UF / CAPCK05 at (18.940 82.198)


Placed 24 of 24 applicable (24 total) symbols.

-----------------------------------------------------------------------

